----------------------------------------------------------------
Sun Jul 29 00:26:43 CEST 2012:
Booting Derby version The Apache Software Foundation - Apache Derby - 10.8.2.2 - (1181258): instance a816c00e-0138-cfb2-e048-000002ee05c8 
on database directory /media/Z/proyectos/java/ActivityTracker/db  with class loader sun.misc.Launcher$AppClassLoader@709fa12f 
Loaded from file:/media/Z/proyectos/java/ActivityTracker/lib/derby.jar
java.vendor=Oracle Corporation
java.runtime.version=1.7.0_03-b04
user.dir=/media/Z/proyectos/java/ActivityTracker
derby.system.home=null
Database Class Loader started - derby.database.classpath=''
----------------------------------------------------------------
Sun Jul 29 00:27:02 CEST 2012:
Shutting down instance a816c00e-0138-cfb2-e048-000002ee05c8 on database directory /media/Z/proyectos/java/ActivityTracker/db with class loader sun.misc.Launcher$AppClassLoader@709fa12f 
----------------------------------------------------------------
Sun Jul 29 00:27:07 CEST 2012:
Booting Derby version The Apache Software Foundation - Apache Derby - 10.8.2.2 - (1181258): instance 185e801c-0138-cfb2-e048-000002ee05c8 
on database directory /media/Z/proyectos/java/ActivityTracker/db  with class loader sun.misc.Launcher$AppClassLoader@709fa12f 
Loaded from file:/media/Z/proyectos/java/ActivityTracker/lib/derby.jar
java.vendor=Oracle Corporation
java.runtime.version=1.7.0_03-b04
user.dir=/media/Z/proyectos/java/ActivityTracker
derby.system.home=null
Database Class Loader started - derby.database.classpath=''
----------------------------------------------------------------
Sun Jul 29 00:27:31 CEST 2012:
Shutting down instance 185e801c-0138-cfb2-e048-000002ee05c8 on database directory /media/Z/proyectos/java/ActivityTracker/db with class loader sun.misc.Launcher$AppClassLoader@709fa12f 
----------------------------------------------------------------
Sun Jul 29 00:27:37 CEST 2012:
Booting Derby version The Apache Software Foundation - Apache Derby - 10.8.2.2 - (1181258): instance 20e1c02b-0138-cfb2-e048-000002ee05c8 
on database directory /media/Z/proyectos/java/ActivityTracker/db  with class loader sun.misc.Launcher$AppClassLoader@709fa12f 
Loaded from file:/media/Z/proyectos/java/ActivityTracker/lib/derby.jar
java.vendor=Oracle Corporation
java.runtime.version=1.7.0_03-b04
user.dir=/media/Z/proyectos/java/ActivityTracker
derby.system.home=null
Database Class Loader started - derby.database.classpath=''
----------------------------------------------------------------
Sun Jul 29 00:27:46 CEST 2012: Shutting down Derby engine
----------------------------------------------------------------
Sun Jul 29 00:27:46 CEST 2012:
Shutting down instance 20e1c02b-0138-cfb2-e048-000002ee05c8 on database directory /media/Z/proyectos/java/ActivityTracker/db with class loader sun.misc.Launcher$AppClassLoader@709fa12f 
----------------------------------------------------------------
